# JRE version: Java(TM) SE Runtime Environment (15.0.2+7) (build 15.0.2+7-27)
# Java VM: Java HotSpot(TM) 64-Bit Server VM (15.0.2+7-27, mixed mode, sharing, tiered, compressed oops, g1 gc, windows-amd64)
GC Precious Log:
 CPUs: 8 total, 8 available
 Memory: 8036M
 Large Page Support: Disabled
 NUMA Support: Disabled
 Compressed Oops: Enabled (32-bit)
 Heap Region Size: 1M
 Heap Min Capacity: 8M
 Heap Initial Capacity: 126M
 Heap Max Capacity: 2010M
 Pre-touch: Disabled
 Parallel Workers: 8
 Concurrent Workers: 2
 Concurrent Refinement Workers: 8
 Periodic GC: Disabled
Heap:
 garbage-first heap   total 45056K, used 12131K [0x0000000082600000, 0x0000000100000000)
  region size 1024K, 6 young (6144K), 5 survivors (5120K)
 Metaspace       used 20672K, capacity 21043K, committed 21376K, reserved 1069056K
  class space    used 2428K, capacity 2577K, committed 2688K, reserved 1048576K
GC Heap History (6 events):
Event: 3.907 GC heap before
{Heap before GC invocations=0 (full 0):
 garbage-first heap   total 129024K, used 22528K [0x0000000082600000, 0x0000000100000000)
  region size 1024K, 23 young (23552K), 0 survivors (0K)
 Metaspace       used 6673K, capacity 7657K, committed 7808K, reserved 1056768K
  class space    used 817K, capacity 884K, committed 896K, reserved 1048576K
}
Event: 3.921 GC heap after
{Heap after GC invocations=1 (full 0):
 garbage-first heap   total 129024K, used 5894K [0x0000000082600000, 0x0000000100000000)
  region size 1024K, 3 young (3072K), 3 survivors (3072K)
 Metaspace       used 6673K, capacity 7657K, committed 7808K, reserved 1056768K
  class space    used 817K, capacity 884K, committed 896K, reserved 1048576K
}
Event: 12.159 GC heap before
{Heap before GC invocations=1 (full 0):
 garbage-first heap   total 129024K, used 29446K [0x0000000082600000, 0x0000000100000000)
  region size 1024K, 27 young (27648K), 3 survivors (3072K)
 Metaspace       used 12976K, capacity 13140K, committed 13440K, reserved 1060864K
  class space    used 1521K, capacity 1580K, committed 1664K, reserved 1048576K
}
Event: 12.165 GC heap after
{Heap after GC invocations=2 (full 0):
 garbage-first heap   total 129024K, used 7447K [0x0000000082600000, 0x0000000100000000)
  region size 1024K, 2 young (2048K), 2 survivors (2048K)
 Metaspace       used 12976K, capacity 13140K, committed 13440K, reserved 1060864K
  class space    used 1521K, capacity 1580K, committed 1664K, reserved 1048576K
}
Event: 21.159 GC heap before
{Heap before GC invocations=2 (full 0):
 garbage-first heap   total 129024K, used 82199K [0x0000000082600000, 0x0000000100000000)
  region size 1024K, 75 young (76800K), 2 survivors (2048K)
 Metaspace       used 18978K, capacity 19323K, committed 19584K, reserved 1067008K
  class space    used 2227K, capacity 2349K, committed 2432K, reserved 1048576K
}
Event: 21.170 GC heap after
{Heap after GC invocations=3 (full 0):
 garbage-first heap   total 129024K, used 11347K [0x0000000082600000, 0x0000000100000000)
  region size 1024K, 6 young (6144K), 6 survivors (6144K)
 Metaspace       used 18978K, capacity 19323K, committed 19584K, reserved 1067008K
  class space    used 2227K, capacity 2349K, committed 2432K, reserved 1048576K
}

